Arguments: 
  C:\Program Files\nodejs\node.exe C:\Users\5109V20713\AppData\Roaming\npm\node_modules\yarn\bin\yarn.js

PATH: 
  C:\Program Files (x86)\NetSarang\Xftp 6\;C:\Program Files (x86)\RSA SecurID Token Common;C:\WINDOWS\system32;C:\WINDOWS;C:\WINDOWS\System32\Wbem;C:\WINDOWS\System32\WindowsPowerShell\v1.0\;C:\Program Files\PuTTY\;C:\Program Files\Git\cmd;C:\Program Files\TortoiseGit\bin;C:\Program Files\nodejs\;C:\Users\5109V20713\AppData\Local\Microsoft\WindowsApps;C:\Users\5109V20713\projects\upload-script\build;C:\Users\5109V20713\AppData\Roaming\npm\node_modules\yarn\bin;C:\Users\5109V20713\AppData\Local\Programs\Microsoft VS Code\bin;C:\Users\5109V20713\AppData\Roaming\npm;

Yarn version: 
  1.22.10

Node version: 
  14.15.3

Platform: 
  win32 x64

Trace: 
  Error: https://registry.npm.taobao.org/vite: tunneling socket could not be established, statusCode=407
      at ClientRequest.onConnect (C:\Users\5109V20713\AppData\Roaming\npm\node_modules\yarn\lib\cli.js:152224:19)
      at Object.onceWrapper (events.js:422:26)
      at ClientRequest.emit (events.js:315:20)
      at Socket.socketOnData (_http_client.js:547:11)
      at Socket.emit (events.js:315:20)
      at addChunk (internal/streams/readable.js:309:12)
      at readableAddChunk (internal/streams/readable.js:284:9)
      at Socket.Readable.push (internal/streams/readable.js:223:10)
      at TCP.onStreamRead (internal/stream_base_commons.js:188:23)

npm manifest: 
  {
    "name": "club",
    "version": "0.0.0",
    "scripts": {
      "dev": "vite",
      "build": "vite build"
    },
    "dependencies": {
      "vue": "^3.0.4"
    },
    "devDependencies": {
      "vite": "^1.0.0-rc.13",
      "@vue/compiler-sfc": "^3.0.4"
    }
  }

yarn manifest: 
  No manifest

Lockfile: 
  No lockfile
